
> frontend@0.1.0 start
> react-scripts start

(node:89026) [DEP0131] DeprecationWarning: The legacy HTTP parser is deprecated.
Starting the development server...

Compiled with warnings.

./src/screens/ProductScreen.js
  Line 1:    'Children' is defined but never used  no-unused-vars
  Line 108:  Expected '===' and instead saw '=='   eqeqeq

./src/components/FormContainer.js
  Line 1:  'Children' is defined but never used  no-unused-vars

./src/components/Header.js
  Line 1:  'Row' is defined but never used  no-unused-vars

./src/screens/HomeScreen.js
  Line 1:  'useState' is defined but never used  no-unused-vars

./src/App.js
  Line 3:  'Component' is defined but never used  no-unused-vars

./src/actions/userAction.js
  Line 6:  'USER_LOGOUT' is defined but never used  no-unused-vars

Search for the keywords to learn more about each warning.
To ignore, add // eslint-disable-next-line to the line before.

Compiling...
Compiled with warnings.

./src/screens/ProductScreen.js
  Line 1:    'Children' is defined but never used  no-unused-vars
  Line 108:  Expected '===' and instead saw '=='   eqeqeq

./src/components/FormContainer.js
  Line 1:  'Children' is defined but never used  no-unused-vars

./src/components/Header.js
  Line 1:  'Row' is defined but never used  no-unused-vars

./src/screens/HomeScreen.js
  Line 1:  'useState' is defined but never used  no-unused-vars

./src/App.js
  Line 3:  'Component' is defined but never used  no-unused-vars

./src/actions/userAction.js
  Line 6:  'USER_LOGOUT' is defined but never used  no-unused-vars

Search for the keywords to learn more about each warning.
To ignore, add // eslint-disable-next-line to the line before.

Compiling...
Compiled with warnings.

./src/screens/ProductScreen.js
  Line 1:    'Children' is defined but never used  no-unused-vars
  Line 108:  Expected '===' and instead saw '=='   eqeqeq

./src/components/FormContainer.js
  Line 1:  'Children' is defined but never used  no-unused-vars

./src/screens/HomeScreen.js
  Line 1:  'useState' is defined but never used  no-unused-vars

./src/components/Header.js
  Line 2:  'useDispatch' is defined but never used  no-unused-vars
  Line 2:  'useSelector' is defined but never used  no-unused-vars
  Line 3:  'Row' is defined but never used          no-unused-vars

./src/App.js
  Line 3:  'Component' is defined but never used  no-unused-vars

./src/actions/userAction.js
  Line 6:  'USER_LOGOUT' is defined but never used  no-unused-vars

Search for the keywords to learn more about each warning.
To ignore, add // eslint-disable-next-line to the line before.

Compiling...
Compiled with warnings.

./src/screens/ProductScreen.js
  Line 1:    'Children' is defined but never used  no-unused-vars
  Line 108:  Expected '===' and instead saw '=='   eqeqeq

./src/components/FormContainer.js
  Line 1:  'Children' is defined but never used  no-unused-vars

./src/screens/HomeScreen.js
  Line 1:  'useState' is defined but never used  no-unused-vars

./src/components/Header.js
  Line 2:  'useSelector' is defined but never used        no-unused-vars
  Line 3:  'Row' is defined but never used                no-unused-vars
  Line 9:  'userInfo' is assigned a value but never used  no-unused-vars

./src/App.js
  Line 3:  'Component' is defined but never used  no-unused-vars

./src/actions/userAction.js
  Line 6:  'USER_LOGOUT' is defined but never used  no-unused-vars

Search for the keywords to learn more about each warning.
To ignore, add // eslint-disable-next-line to the line before.

Compiling...
Compiled with warnings.

./src/screens/ProductScreen.js
  Line 1:    'Children' is defined but never used  no-unused-vars
  Line 108:  Expected '===' and instead saw '=='   eqeqeq

./src/components/FormContainer.js
  Line 1:  'Children' is defined but never used  no-unused-vars

./src/screens/HomeScreen.js
  Line 1:  'useState' is defined but never used  no-unused-vars

./src/components/Header.js
  Line 2:  'useSelector' is defined but never used  no-unused-vars
  Line 3:  'Row' is defined but never used          no-unused-vars

./src/App.js
  Line 3:  'Component' is defined but never used  no-unused-vars

./src/actions/userAction.js
  Line 6:  'USER_LOGOUT' is defined but never used  no-unused-vars

Search for the keywords to learn more about each warning.
To ignore, add // eslint-disable-next-line to the line before.

Compiling...
Compiled with warnings.

./src/screens/ProductScreen.js
  Line 1:    'Children' is defined but never used  no-unused-vars
  Line 108:  Expected '===' and instead saw '=='   eqeqeq

./src/components/FormContainer.js
  Line 1:  'Children' is defined but never used  no-unused-vars

./src/screens/HomeScreen.js
  Line 1:  'useState' is defined but never used  no-unused-vars

./src/components/Header.js
  Line 2:  'useSelector' is defined but never used  no-unused-vars
  Line 3:  'Row' is defined but never used          no-unused-vars

./src/App.js
  Line 3:  'Component' is defined but never used  no-unused-vars

./src/actions/userAction.js
  Line 6:  'USER_LOGOUT' is defined but never used  no-unused-vars

Search for the keywords to learn more about each warning.
To ignore, add // eslint-disable-next-line to the line before.

Compiling...
Compiled with warnings.

./src/screens/ProductScreen.js
  Line 1:    'Children' is defined but never used  no-unused-vars
  Line 108:  Expected '===' and instead saw '=='   eqeqeq

./src/components/FormContainer.js
  Line 1:  'Children' is defined but never used  no-unused-vars

./src/screens/HomeScreen.js
  Line 1:  'useState' is defined but never used  no-unused-vars

./src/components/Header.js
  Line 2:  'useSelector' is defined but never used  no-unused-vars
  Line 3:  'Row' is defined but never used          no-unused-vars

./src/App.js
  Line 3:  'Component' is defined but never used  no-unused-vars

./src/actions/userAction.js
  Line 6:  'USER_LOGOUT' is defined but never used  no-unused-vars

Search for the keywords to learn more about each warning.
To ignore, add // eslint-disable-next-line to the line before.

Compiling...
Compiled with warnings.

./src/screens/ProductScreen.js
  Line 1:    'Children' is defined but never used  no-unused-vars
  Line 108:  Expected '===' and instead saw '=='   eqeqeq

./src/components/FormContainer.js
  Line 1:  'Children' is defined but never used  no-unused-vars

./src/screens/HomeScreen.js
  Line 1:  'useState' is defined but never used  no-unused-vars

./src/components/Header.js
  Line 2:  'useSelector' is defined but never used  no-unused-vars
  Line 3:  'Row' is defined but never used          no-unused-vars

./src/App.js
  Line 3:  'Component' is defined but never used  no-unused-vars

./src/actions/userAction.js
  Line 6:  'USER_LOGOUT' is defined but never used  no-unused-vars

Search for the keywords to learn more about each warning.
To ignore, add // eslint-disable-next-line to the line before.

Compiling...
Compiled with warnings.

./src/screens/ProductScreen.js
  Line 1:    'Children' is defined but never used  no-unused-vars
  Line 108:  Expected '===' and instead saw '=='   eqeqeq

./src/components/FormContainer.js
  Line 1:  'Children' is defined but never used  no-unused-vars

./src/screens/HomeScreen.js
  Line 1:  'useState' is defined but never used  no-unused-vars

./src/components/Header.js
  Line 2:  'useSelector' is defined but never used  no-unused-vars
  Line 3:  'Row' is defined but never used          no-unused-vars

./src/App.js
  Line 3:  'Component' is defined but never used  no-unused-vars

./src/actions/userAction.js
  Line 6:  'USER_LOGOUT' is defined but never used  no-unused-vars

Search for the keywords to learn more about each warning.
To ignore, add // eslint-disable-next-line to the line before.

Compiling...
Failed to compile.

./src/components/Header.js
Syntax error: Unexpected token, expected : (28:6)

  26 | 					{ userInfo ? (
  27 | 						<NavDropdown title='userInfo.name'></NavDropdown>
> 28 | 					)}
     | 					 ^
  29 | 
  30 | 					<LinkContainer to='/login'>
  31 | 						<Nav.Link><i className="fas fa-user"></i> Login</Nav.Link>
Compiling...
Failed to compile.

./src/components/Header.js
Syntax error: Unexpected token, expected : (30:6)

  28 | 
  29 | 						</NavDropdown>
> 30 | 					)}
     | 					 ^
  31 | 
  32 | 					<LinkContainer to='/login'>
  33 | 						<Nav.Link><i className="fas fa-user"></i> Login</Nav.Link>
Compiling...
Failed to compile.

./src/components/Header.js
Syntax error: Unexpected token, expected : (30:6)

  28 | 
  29 | 						</NavDropdown>
> 30 | 					)}
     | 					 ^
  31 | 
  32 | 					<LinkContainer to='/login'>
  33 | 						<Nav.Link><i className="fas fa-user"></i> Login</Nav.Link>
Compiling...
Failed to compile.

./src/components/Header.js
Syntax error: Unexpected token, expected : (30:6)

  28 | 
  29 | 						</NavDropdown>
> 30 | 					)}
     | 					 ^
  31 | 
  32 | 					<LinkContainer to='/login'>
  33 | 						<Nav.Link><i className="fas fa-user"></i> Login</Nav.Link>
Compiling...
Failed to compile.

./src/components/Header.js
Syntax error: Unexpected token, expected : (33:6)

  31 | 
  32 | 						</NavDropdown>
> 33 | 					)}
     | 					 ^
  34 | 
  35 | 					<LinkContainer to='/login'>
  36 | 						<Nav.Link><i className="fas fa-user"></i> Login</Nav.Link>
Compiling...
Failed to compile.

./src/components/Header.js
Syntax error: Unexpected token, expected : (35:6)

  33 | 
  34 | 						</NavDropdown>
> 35 | 					)}
     | 					 ^
  36 | 
  37 | 					<LinkContainer to='/login'>
  38 | 						<Nav.Link><i className="fas fa-user"></i> Login</Nav.Link>
Compiling...
Failed to compile.

./src/components/Header.js
  Line 32:  'logoutHandler' is not defined  no-undef

Search for the keywords to learn more about each error.
Compiling...
Failed to compile.

./src/components/Header.js
  Line 32:  'logoutHandler' is not defined  no-undef

Search for the keywords to learn more about each error.
Compiling...
Failed to compile.

./src/components/Header.js
  Line 31:  'logoutHandler' is not defined  no-undef

Search for the keywords to learn more about each error.
Compiling...
Failed to compile.

./src/components/Header.js
  Line 31:  'logoutHandler' is not defined  no-undef

Search for the keywords to learn more about each error.
Compiling...
Failed to compile.

./src/components/Header.js
  Line 31:  'logoutHandler' is not defined  no-undef

Search for the keywords to learn more about each error.
Compiling...
Failed to compile.

./src/components/Header.js
  Line 31:  'logoutHandler' is not defined  no-undef

Search for the keywords to learn more about each error.
Compiling...
Compiled with warnings.

./src/screens/ProductScreen.js
  Line 1:    'Children' is defined but never used  no-unused-vars
  Line 108:  Expected '===' and instead saw '=='   eqeqeq

./src/components/FormContainer.js
  Line 1:  'Children' is defined but never used  no-unused-vars

./src/screens/HomeScreen.js
  Line 1:  'useState' is defined but never used  no-unused-vars

./src/components/Header.js
  Line 2:  'useSelector' is defined but never used  no-unused-vars
  Line 3:  'Row' is defined but never used          no-unused-vars

./src/App.js
  Line 3:  'Component' is defined but never used  no-unused-vars

./src/actions/userAction.js
  Line 6:  'USER_LOGOUT' is defined but never used  no-unused-vars

Search for the keywords to learn more about each warning.
To ignore, add // eslint-disable-next-line to the line before.

Compiling...
Compiled with warnings.

./src/screens/ProductScreen.js
  Line 1:    'Children' is defined but never used  no-unused-vars
  Line 108:  Expected '===' and instead saw '=='   eqeqeq

./src/components/FormContainer.js
  Line 1:  'Children' is defined but never used  no-unused-vars

./src/screens/HomeScreen.js
  Line 1:  'useState' is defined but never used  no-unused-vars

./src/components/Header.js
  Line 2:  'useSelector' is defined but never used  no-unused-vars
  Line 3:  'Row' is defined but never used          no-unused-vars

./src/App.js
  Line 3:  'Component' is defined but never used  no-unused-vars

./src/actions/userAction.js
  Line 6:  'USER_LOGOUT' is defined but never used  no-unused-vars

Search for the keywords to learn more about each warning.
To ignore, add // eslint-disable-next-line to the line before.

Compiling...
Failed to compile.

./src/components/Header.js
Syntax error: Unexpected token (38:5)

  36 | 					) : (
  37 | 						
> 38 | 					)}
     | 					^
  39 | 
  40 | 					
  41 | 					</Nav>
Compiling...
Compiled with warnings.

./src/screens/ProductScreen.js
  Line 1:    'Children' is defined but never used  no-unused-vars
  Line 108:  Expected '===' and instead saw '=='   eqeqeq

./src/components/FormContainer.js
  Line 1:  'Children' is defined but never used  no-unused-vars

./src/screens/HomeScreen.js
  Line 1:  'useState' is defined but never used  no-unused-vars

./src/components/Header.js
  Line 2:  'useSelector' is defined but never used  no-unused-vars
  Line 3:  'Row' is defined but never used          no-unused-vars

./src/App.js
  Line 3:  'Component' is defined but never used  no-unused-vars

./src/actions/userAction.js
  Line 6:  'USER_LOGOUT' is defined but never used  no-unused-vars

Search for the keywords to learn more about each warning.
To ignore, add // eslint-disable-next-line to the line before.

Compiling...
Compiled with warnings.

./src/screens/ProductScreen.js
  Line 1:    'Children' is defined but never used  no-unused-vars
  Line 108:  Expected '===' and instead saw '=='   eqeqeq

./src/components/FormContainer.js
  Line 1:  'Children' is defined but never used  no-unused-vars

./src/screens/HomeScreen.js
  Line 1:  'useState' is defined but never used  no-unused-vars

./src/components/Header.js
  Line 2:  'useSelector' is defined but never used  no-unused-vars
  Line 3:  'Row' is defined but never used          no-unused-vars

./src/App.js
  Line 3:  'Component' is defined but never used  no-unused-vars

./src/actions/userAction.js
  Line 6:  'USER_LOGOUT' is defined but never used  no-unused-vars

Search for the keywords to learn more about each warning.
To ignore, add // eslint-disable-next-line to the line before.

Compiling...
Compiled with warnings.

./src/screens/ProductScreen.js
  Line 1:    'Children' is defined but never used  no-unused-vars
  Line 108:  Expected '===' and instead saw '=='   eqeqeq

./src/components/FormContainer.js
  Line 1:  'Children' is defined but never used  no-unused-vars

./src/screens/HomeScreen.js
  Line 1:  'useState' is defined but never used  no-unused-vars

./src/components/Header.js
  Line 2:  'useDispatch' is defined but never used  no-unused-vars
  Line 3:  'Row' is defined but never used          no-unused-vars

./src/App.js
  Line 3:  'Component' is defined but never used  no-unused-vars

./src/actions/userAction.js
  Line 6:  'USER_LOGOUT' is defined but never used  no-unused-vars

Search for the keywords to learn more about each warning.
To ignore, add // eslint-disable-next-line to the line before.

Compiling...
Compiled with warnings.

./src/screens/ProductScreen.js
  Line 1:    'Children' is defined but never used  no-unused-vars
  Line 108:  Expected '===' and instead saw '=='   eqeqeq

./src/components/FormContainer.js
  Line 1:  'Children' is defined but never used  no-unused-vars

./src/screens/HomeScreen.js
  Line 1:  'useState' is defined but never used  no-unused-vars

./src/components/Header.js
  Line 2:  'useDispatch' is defined but never used  no-unused-vars
  Line 3:  'Row' is defined but never used          no-unused-vars

./src/App.js
  Line 3:  'Component' is defined but never used  no-unused-vars

./src/actions/userAction.js
  Line 6:  'USER_LOGOUT' is defined but never used  no-unused-vars

Search for the keywords to learn more about each warning.
To ignore, add // eslint-disable-next-line to the line before.

Compiling...
Compiled with warnings.

./src/screens/ProductScreen.js
  Line 1:    'Children' is defined but never used  no-unused-vars
  Line 108:  Expected '===' and instead saw '=='   eqeqeq

./src/components/FormContainer.js
  Line 1:  'Children' is defined but never used  no-unused-vars

./src/screens/HomeScreen.js
  Line 1:  'useState' is defined but never used  no-unused-vars

./src/components/Header.js
  Line 2:   'useDispatch' is defined but never used             no-unused-vars
  Line 3:   'Row' is defined but never used                     no-unused-vars
  Line 10:  'logoutHandler' is assigned a value but never used  no-unused-vars

./src/App.js
  Line 3:  'Component' is defined but never used  no-unused-vars

./src/actions/userAction.js
  Line 6:  'USER_LOGOUT' is defined but never used  no-unused-vars

Search for the keywords to learn more about each warning.
To ignore, add // eslint-disable-next-line to the line before.

Compiling...
Compiled with warnings.

./src/screens/ProductScreen.js
  Line 1:    'Children' is defined but never used  no-unused-vars
  Line 108:  Expected '===' and instead saw '=='   eqeqeq

./src/components/FormContainer.js
  Line 1:  'Children' is defined but never used  no-unused-vars

./src/screens/HomeScreen.js
  Line 1:  'useState' is defined but never used  no-unused-vars

./src/components/Header.js
  Line 2:   'useDispatch' is defined but never used             no-unused-vars
  Line 3:   'Row' is defined but never used                     no-unused-vars
  Line 10:  'logoutHandler' is assigned a value but never used  no-unused-vars

./src/App.js
  Line 3:  'Component' is defined but never used  no-unused-vars

./src/actions/userAction.js
  Line 6:  'USER_LOGOUT' is defined but never used  no-unused-vars

Search for the keywords to learn more about each warning.
To ignore, add // eslint-disable-next-line to the line before.

Compiling...
Compiled with warnings.

./src/screens/ProductScreen.js
  Line 1:    'Children' is defined but never used  no-unused-vars
  Line 108:  Expected '===' and instead saw '=='   eqeqeq

./src/components/FormContainer.js
  Line 1:  'Children' is defined but never used  no-unused-vars

./src/screens/HomeScreen.js
  Line 1:  'useState' is defined but never used  no-unused-vars

./src/components/Header.js
  Line 2:  'useDispatch' is defined but never used  no-unused-vars
  Line 3:  'Row' is defined but never used          no-unused-vars

./src/App.js
  Line 3:  'Component' is defined but never used  no-unused-vars

./src/actions/userAction.js
  Line 6:  'USER_LOGOUT' is defined but never used  no-unused-vars

Search for the keywords to learn more about each warning.
To ignore, add // eslint-disable-next-line to the line before.

Compiling...
Compiled with warnings.

./src/screens/ProductScreen.js
  Line 1:    'Children' is defined but never used  no-unused-vars
  Line 108:  Expected '===' and instead saw '=='   eqeqeq

./src/components/FormContainer.js
  Line 1:  'Children' is defined but never used  no-unused-vars

./src/screens/HomeScreen.js
  Line 1:  'useState' is defined but never used  no-unused-vars

./src/components/Header.js
  Line 2:  'useDispatch' is defined but never used  no-unused-vars
  Line 3:  'Row' is defined but never used          no-unused-vars

./src/App.js
  Line 3:  'Component' is defined but never used  no-unused-vars

./src/actions/userAction.js
  Line 6:  'USER_LOGOUT' is defined but never used  no-unused-vars

Search for the keywords to learn more about each warning.
To ignore, add // eslint-disable-next-line to the line before.

Compiling...
Compiled with warnings.

./src/screens/ProductScreen.js
  Line 1:    'Children' is defined but never used  no-unused-vars
  Line 108:  Expected '===' and instead saw '=='   eqeqeq

./src/components/FormContainer.js
  Line 1:  'Children' is defined but never used  no-unused-vars

./src/screens/HomeScreen.js
  Line 1:  'useState' is defined but never used  no-unused-vars

./src/components/Header.js
  Line 2:  'useDispatch' is defined but never used  no-unused-vars
  Line 3:  'Row' is defined but never used          no-unused-vars

./src/App.js
  Line 3:  'Component' is defined but never used  no-unused-vars

Search for the keywords to learn more about each warning.
To ignore, add // eslint-disable-next-line to the line before.

Compiling...
Compiled with warnings.

./src/screens/ProductScreen.js
  Line 1:    'Children' is defined but never used  no-unused-vars
  Line 108:  Expected '===' and instead saw '=='   eqeqeq

./src/components/FormContainer.js
  Line 1:  'Children' is defined but never used  no-unused-vars

./src/screens/HomeScreen.js
  Line 1:  'useState' is defined but never used  no-unused-vars

./src/components/Header.js
  Line 2:  'useDispatch' is defined but never used  no-unused-vars
  Line 3:  'Row' is defined but never used          no-unused-vars

./src/App.js
  Line 3:  'Component' is defined but never used  no-unused-vars

./src/actions/userAction.js
  Line 6:  'USER_LOGOUT' is defined but never used  no-unused-vars

Search for the keywords to learn more about each warning.
To ignore, add // eslint-disable-next-line to the line before.

Compiling...
Failed to compile.

./src/actions/userAction.js
  Line 42:  'dispatch' is not defined  no-undef

Search for the keywords to learn more about each error.
Compiling...
Failed to compile.

./src/actions/userAction.js
Syntax error: Unexpected token, expected ; (40:39)

  38 | }
  39 | 
> 40 | export const logout = () => (dispatch) {
     |                                        ^
  41 |     localStorage.removeItem('userInfos')
  42 |     dispatch({
  43 |         type: USER_LOGOUT
Compiling...
Compiled with warnings.

./src/screens/ProductScreen.js
  Line 1:    'Children' is defined but never used  no-unused-vars
  Line 108:  Expected '===' and instead saw '=='   eqeqeq

./src/components/FormContainer.js
  Line 1:  'Children' is defined but never used  no-unused-vars

./src/screens/HomeScreen.js
  Line 1:  'useState' is defined but never used  no-unused-vars

./src/components/Header.js
  Line 2:  'useDispatch' is defined but never used  no-unused-vars
  Line 3:  'Row' is defined but never used          no-unused-vars

./src/App.js
  Line 3:  'Component' is defined but never used  no-unused-vars

Search for the keywords to learn more about each warning.
To ignore, add // eslint-disable-next-line to the line before.

Compiling...
Compiled with warnings.

./src/screens/ProductScreen.js
  Line 1:    'Children' is defined but never used  no-unused-vars
  Line 108:  Expected '===' and instead saw '=='   eqeqeq

./src/components/FormContainer.js
  Line 1:  'Children' is defined but never used  no-unused-vars

./src/screens/HomeScreen.js
  Line 1:  'useState' is defined but never used  no-unused-vars

./src/components/Header.js
  Line 2:  'useDispatch' is defined but never used  no-unused-vars
  Line 3:  'Row' is defined but never used          no-unused-vars
  Line 5:  'logout' is defined but never used       no-unused-vars

./src/App.js
  Line 3:  'Component' is defined but never used  no-unused-vars

Search for the keywords to learn more about each warning.
To ignore, add // eslint-disable-next-line to the line before.

Compiling...
Compiled with warnings.

./src/screens/ProductScreen.js
  Line 1:    'Children' is defined but never used  no-unused-vars
  Line 108:  Expected '===' and instead saw '=='   eqeqeq

./src/components/FormContainer.js
  Line 1:  'Children' is defined but never used  no-unused-vars

./src/screens/HomeScreen.js
  Line 1:  'useState' is defined but never used  no-unused-vars

./src/App.js
  Line 3:  'Component' is defined but never used  no-unused-vars

./src/components/Header.js
  Line 3:  'Row' is defined but never used  no-unused-vars

Search for the keywords to learn more about each warning.
To ignore, add // eslint-disable-next-line to the line before.

Compiling...
Compiled with warnings.

./src/screens/ProductScreen.js
  Line 1:    'Children' is defined but never used  no-unused-vars
  Line 108:  Expected '===' and instead saw '=='   eqeqeq

./src/components/FormContainer.js
  Line 1:  'Children' is defined but never used  no-unused-vars

./src/screens/HomeScreen.js
  Line 1:  'useState' is defined but never used  no-unused-vars

./src/App.js
  Line 3:  'Component' is defined but never used  no-unused-vars

./src/components/Header.js
  Line 3:  'Row' is defined but never used  no-unused-vars

Search for the keywords to learn more about each warning.
To ignore, add // eslint-disable-next-line to the line before.

Compiling...
Compiled with warnings.

./src/screens/ProductScreen.js
  Line 1:    'Children' is defined but never used  no-unused-vars
  Line 108:  Expected '===' and instead saw '=='   eqeqeq

./src/components/FormContainer.js
  Line 1:  'Children' is defined but never used  no-unused-vars

./src/screens/HomeScreen.js
  Line 1:  'useState' is defined but never used  no-unused-vars

./src/App.js
  Line 3:  'Component' is defined but never used  no-unused-vars

./src/components/Header.js
  Line 3:  'Row' is defined but never used  no-unused-vars

Search for the keywords to learn more about each warning.
To ignore, add // eslint-disable-next-line to the line before.

Compiling...
Compiled with warnings.

./src/screens/ProductScreen.js
  Line 1:    'Children' is defined but never used  no-unused-vars
  Line 108:  Expected '===' and instead saw '=='   eqeqeq

./src/components/FormContainer.js
  Line 1:  'Children' is defined but never used  no-unused-vars

./src/screens/HomeScreen.js
  Line 1:  'useState' is defined but never used  no-unused-vars

./src/App.js
  Line 3:  'Component' is defined but never used  no-unused-vars

./src/components/Header.js
  Line 3:  'Row' is defined but never used  no-unused-vars

Search for the keywords to learn more about each warning.
To ignore, add // eslint-disable-next-line to the line before.

Compiling...
Compiled with warnings.

./src/screens/ProductScreen.js
  Line 1:    'Children' is defined but never used  no-unused-vars
  Line 108:  Expected '===' and instead saw '=='   eqeqeq

./src/components/FormContainer.js
  Line 1:  'Children' is defined but never used  no-unused-vars

./src/screens/HomeScreen.js
  Line 1:  'useState' is defined but never used  no-unused-vars

./src/App.js
  Line 3:  'Component' is defined but never used  no-unused-vars

./src/components/Header.js
  Line 3:  'Row' is defined but never used  no-unused-vars

./src/reducers/userReducers.js
  Line 6:  'USER_REGISTER_REQUEST' is defined but never used  no-unused-vars
  Line 7:  'USER_REGISTER_SUCCESS' is defined but never used  no-unused-vars
  Line 8:  'USER_REGISTER_FAIL' is defined but never used     no-unused-vars

Search for the keywords to learn more about each warning.
To ignore, add // eslint-disable-next-line to the line before.

Compiling...
Compiled with warnings.

./src/screens/ProductScreen.js
  Line 1:    'Children' is defined but never used  no-unused-vars
  Line 108:  Expected '===' and instead saw '=='   eqeqeq

./src/components/FormContainer.js
  Line 1:  'Children' is defined but never used  no-unused-vars

./src/screens/HomeScreen.js
  Line 1:  'useState' is defined but never used  no-unused-vars

./src/App.js
  Line 3:  'Component' is defined but never used  no-unused-vars

./src/components/Header.js
  Line 3:  'Row' is defined but never used  no-unused-vars

./src/reducers/userReducers.js
  Line 6:  'USER_REGISTER_REQUEST' is defined but never used  no-unused-vars
  Line 7:  'USER_REGISTER_SUCCESS' is defined but never used  no-unused-vars
  Line 8:  'USER_REGISTER_FAIL' is defined but never used     no-unused-vars

Search for the keywords to learn more about each warning.
To ignore, add // eslint-disable-next-line to the line before.

Compiling...
Compiled with warnings.

./src/screens/ProductScreen.js
  Line 1:    'Children' is defined but never used  no-unused-vars
  Line 108:  Expected '===' and instead saw '=='   eqeqeq

./src/components/FormContainer.js
  Line 1:  'Children' is defined but never used  no-unused-vars

./src/screens/HomeScreen.js
  Line 1:  'useState' is defined but never used  no-unused-vars

./src/App.js
  Line 3:  'Component' is defined but never used  no-unused-vars

./src/components/Header.js
  Line 3:  'Row' is defined but never used  no-unused-vars

Search for the keywords to learn more about each warning.
To ignore, add // eslint-disable-next-line to the line before.

Compiling...
Compiled with warnings.

./src/screens/ProductScreen.js
  Line 1:    'Children' is defined but never used  no-unused-vars
  Line 108:  Expected '===' and instead saw '=='   eqeqeq

./src/components/FormContainer.js
  Line 1:  'Children' is defined but never used  no-unused-vars

./src/screens/HomeScreen.js
  Line 1:  'useState' is defined but never used  no-unused-vars

./src/App.js
  Line 3:  'Component' is defined but never used  no-unused-vars

./src/components/Header.js
  Line 3:  'Row' is defined but never used  no-unused-vars

./src/store.js
  Line 6:  'userRegisterReducer' is defined but never used  no-unused-vars

Search for the keywords to learn more about each warning.
To ignore, add // eslint-disable-next-line to the line before.

Compiling...
Compiled with warnings.

./src/screens/ProductScreen.js
  Line 1:    'Children' is defined but never used  no-unused-vars
  Line 108:  Expected '===' and instead saw '=='   eqeqeq

./src/components/FormContainer.js
  Line 1:  'Children' is defined but never used  no-unused-vars

./src/screens/HomeScreen.js
  Line 1:  'useState' is defined but never used  no-unused-vars

./src/App.js
  Line 3:  'Component' is defined but never used  no-unused-vars

./src/components/Header.js
  Line 3:  'Row' is defined but never used  no-unused-vars

Search for the keywords to learn more about each warning.
To ignore, add // eslint-disable-next-line to the line before.

Compiling...
Compiled with warnings.

./src/screens/ProductScreen.js
  Line 1:    'Children' is defined but never used  no-unused-vars
  Line 108:  Expected '===' and instead saw '=='   eqeqeq

./src/components/FormContainer.js
  Line 1:  'Children' is defined but never used  no-unused-vars

./src/screens/HomeScreen.js
  Line 1:  'useState' is defined but never used  no-unused-vars

./src/App.js
  Line 3:  'Component' is defined but never used  no-unused-vars

./src/components/Header.js
  Line 3:  'Row' is defined but never used  no-unused-vars

Search for the keywords to learn more about each warning.
To ignore, add // eslint-disable-next-line to the line before.

Compiling...
Compiled with warnings.

./src/screens/ProductScreen.js
  Line 1:    'Children' is defined but never used  no-unused-vars
  Line 108:  Expected '===' and instead saw '=='   eqeqeq

./src/components/FormContainer.js
  Line 1:  'Children' is defined but never used  no-unused-vars

./src/screens/HomeScreen.js
  Line 1:  'useState' is defined but never used  no-unused-vars

./src/App.js
  Line 3:  'Component' is defined but never used  no-unused-vars

./src/components/Header.js
  Line 3:  'Row' is defined but never used  no-unused-vars

Search for the keywords to learn more about each warning.
To ignore, add // eslint-disable-next-line to the line before.

Compiling...
Compiled with warnings.

./src/screens/ProductScreen.js
  Line 1:    'Children' is defined but never used  no-unused-vars
  Line 108:  Expected '===' and instead saw '=='   eqeqeq

./src/components/FormContainer.js
  Line 1:  'Children' is defined but never used  no-unused-vars

./src/screens/HomeScreen.js
  Line 1:  'useState' is defined but never used  no-unused-vars

./src/App.js
  Line 3:  'Component' is defined but never used  no-unused-vars

./src/components/Header.js
  Line 3:  'Row' is defined but never used  no-unused-vars

Search for the keywords to learn more about each warning.
To ignore, add // eslint-disable-next-line to the line before.

Compiling...
Compiled with warnings.

./src/screens/ProductScreen.js
  Line 1:    'Children' is defined but never used  no-unused-vars
  Line 108:  Expected '===' and instead saw '=='   eqeqeq

./src/components/FormContainer.js
  Line 1:  'Children' is defined but never used  no-unused-vars

./src/screens/HomeScreen.js
  Line 1:  'useState' is defined but never used  no-unused-vars

./src/App.js
  Line 3:  'Component' is defined but never used  no-unused-vars

./src/components/Header.js
  Line 3:  'Row' is defined but never used  no-unused-vars

./src/actions/userAction.js
  Line 7:  'USER_REGISTER_REQUEST' is defined but never used  no-unused-vars
  Line 8:  'USER_REGISTER_SUCCESS' is defined but never used  no-unused-vars
  Line 9:  'USER_REGISTER_FAIL' is defined but never used     no-unused-vars

Search for the keywords to learn more about each warning.
To ignore, add // eslint-disable-next-line to the line before.

Compiling...
Failed to compile.

./src/actions/userAction.js
Syntax error: `login` has already been exported. Exported identifiers must be unique. (52:13)

  50 | 
  51 | 
> 52 | export const login = (email, password) => async(dispatch) => {
     |              ^
  53 |         try {
  54 |             dispatch({
  55 |                 type: USER_LOGIN_REQUEST
Compiling...
Compiled with warnings.

./src/screens/ProductScreen.js
  Line 1:    'Children' is defined but never used  no-unused-vars
  Line 108:  Expected '===' and instead saw '=='   eqeqeq

./src/components/FormContainer.js
  Line 1:  'Children' is defined but never used  no-unused-vars

./src/screens/HomeScreen.js
  Line 1:  'useState' is defined but never used  no-unused-vars

./src/App.js
  Line 3:  'Component' is defined but never used  no-unused-vars

./src/components/Header.js
  Line 3:  'Row' is defined but never used  no-unused-vars

Search for the keywords to learn more about each warning.
To ignore, add // eslint-disable-next-line to the line before.

Compiling...
Compiled with warnings.

./src/screens/ProductScreen.js
  Line 1:    'Children' is defined but never used  no-unused-vars
  Line 108:  Expected '===' and instead saw '=='   eqeqeq

./src/components/FormContainer.js
  Line 1:  'Children' is defined but never used  no-unused-vars

./src/screens/HomeScreen.js
  Line 1:  'useState' is defined but never used  no-unused-vars

./src/App.js
  Line 3:  'Component' is defined but never used  no-unused-vars

./src/components/Header.js
  Line 3:  'Row' is defined but never used  no-unused-vars

Search for the keywords to learn more about each warning.
To ignore, add // eslint-disable-next-line to the line before.

Compiling...
Compiled with warnings.

./src/screens/ProductScreen.js
  Line 1:    'Children' is defined but never used  no-unused-vars
  Line 108:  Expected '===' and instead saw '=='   eqeqeq

./src/components/FormContainer.js
  Line 1:  'Children' is defined but never used  no-unused-vars

./src/screens/HomeScreen.js
  Line 1:  'useState' is defined but never used  no-unused-vars

./src/App.js
  Line 3:  'Component' is defined but never used  no-unused-vars

./src/components/Header.js
  Line 3:  'Row' is defined but never used  no-unused-vars

Search for the keywords to learn more about each warning.
To ignore, add // eslint-disable-next-line to the line before.

Compiling...
Compiled with warnings.

./src/screens/ProductScreen.js
  Line 1:    'Children' is defined but never used  no-unused-vars
  Line 108:  Expected '===' and instead saw '=='   eqeqeq

./src/components/FormContainer.js
  Line 1:  'Children' is defined but never used  no-unused-vars

./src/screens/HomeScreen.js
  Line 1:  'useState' is defined but never used  no-unused-vars

./src/App.js
  Line 3:  'Component' is defined but never used  no-unused-vars

./src/components/Header.js
  Line 3:  'Row' is defined but never used  no-unused-vars

Search for the keywords to learn more about each warning.
To ignore, add // eslint-disable-next-line to the line before.

Compiling...
Compiled with warnings.

./src/screens/ProductScreen.js
  Line 1:    'Children' is defined but never used  no-unused-vars
  Line 108:  Expected '===' and instead saw '=='   eqeqeq

./src/components/FormContainer.js
  Line 1:  'Children' is defined but never used  no-unused-vars

./src/screens/HomeScreen.js
  Line 1:  'useState' is defined but never used  no-unused-vars

./src/App.js
  Line 3:  'Component' is defined but never used  no-unused-vars

./src/components/Header.js
  Line 3:  'Row' is defined but never used  no-unused-vars

Search for the keywords to learn more about each warning.
To ignore, add // eslint-disable-next-line to the line before.

Compiling...
Compiled with warnings.

./src/screens/ProductScreen.js
  Line 1:    'Children' is defined but never used  no-unused-vars
  Line 108:  Expected '===' and instead saw '=='   eqeqeq

./src/components/FormContainer.js
  Line 1:  'Children' is defined but never used  no-unused-vars

./src/screens/HomeScreen.js
  Line 1:  'useState' is defined but never used  no-unused-vars

./src/App.js
  Line 3:  'Component' is defined but never used  no-unused-vars

./src/components/Header.js
  Line 3:  'Row' is defined but never used  no-unused-vars

Search for the keywords to learn more about each warning.
To ignore, add // eslint-disable-next-line to the line before.

Compiling...
Compiled with warnings.

./src/screens/ProductScreen.js
  Line 1:    'Children' is defined but never used  no-unused-vars
  Line 108:  Expected '===' and instead saw '=='   eqeqeq

./src/components/FormContainer.js
  Line 1:  'Children' is defined but never used  no-unused-vars

./src/screens/HomeScreen.js
  Line 1:  'useState' is defined but never used  no-unused-vars

./src/App.js
  Line 3:  'Component' is defined but never used  no-unused-vars

./src/components/Header.js
  Line 3:  'Row' is defined but never used  no-unused-vars

Search for the keywords to learn more about each warning.
To ignore, add // eslint-disable-next-line to the line before.

Compiling...
Failed to compile.

./src/actions/userAction.js
Syntax error: Unexpected token, expected , (58:20)

  56 |                 '/api/users/register/', {
  57 |                     'name': name
> 58 |                     'username': email,
     |                     ^
  59 |                     'password': password
  60 |                 },
  61 |                 config
Compiling...
Compiled with warnings.

./src/screens/ProductScreen.js
  Line 1:    'Children' is defined but never used  no-unused-vars
  Line 108:  Expected '===' and instead saw '=='   eqeqeq

./src/components/FormContainer.js
  Line 1:  'Children' is defined but never used  no-unused-vars

./src/screens/HomeScreen.js
  Line 1:  'useState' is defined but never used  no-unused-vars

./src/App.js
  Line 3:  'Component' is defined but never used  no-unused-vars

./src/components/Header.js
  Line 3:  'Row' is defined but never used  no-unused-vars

Search for the keywords to learn more about each warning.
To ignore, add // eslint-disable-next-line to the line before.

Compiling...
Compiled with warnings.

./src/screens/ProductScreen.js
  Line 1:    'Children' is defined but never used  no-unused-vars
  Line 108:  Expected '===' and instead saw '=='   eqeqeq

./src/components/FormContainer.js
  Line 1:  'Children' is defined but never used  no-unused-vars

./src/screens/HomeScreen.js
  Line 1:  'useState' is defined but never used  no-unused-vars

./src/App.js
  Line 3:  'Component' is defined but never used  no-unused-vars

./src/components/Header.js
  Line 3:  'Row' is defined but never used  no-unused-vars

Search for the keywords to learn more about each warning.
To ignore, add // eslint-disable-next-line to the line before.

Compiling...
Compiled with warnings.

./src/screens/ProductScreen.js
  Line 1:    'Children' is defined but never used  no-unused-vars
  Line 108:  Expected '===' and instead saw '=='   eqeqeq

./src/components/FormContainer.js
  Line 1:  'Children' is defined but never used  no-unused-vars

./src/screens/HomeScreen.js
  Line 1:  'useState' is defined but never used  no-unused-vars

./src/App.js
  Line 3:  'Component' is defined but never used  no-unused-vars

./src/components/Header.js
  Line 3:  'Row' is defined but never used  no-unused-vars

Search for the keywords to learn more about each warning.
To ignore, add // eslint-disable-next-line to the line before.

Compiling...
Compiled with warnings.

./src/screens/ProductScreen.js
  Line 1:    'Children' is defined but never used  no-unused-vars
  Line 108:  Expected '===' and instead saw '=='   eqeqeq

./src/components/FormContainer.js
  Line 1:  'Children' is defined but never used  no-unused-vars

./src/screens/HomeScreen.js
  Line 1:  'useState' is defined but never used  no-unused-vars

./src/App.js
  Line 3:  'Component' is defined but never used  no-unused-vars

./src/components/Header.js
  Line 3:  'Row' is defined but never used  no-unused-vars

Search for the keywords to learn more about each warning.
To ignore, add // eslint-disable-next-line to the line before.

Compiling...
Compiled with warnings.

./src/screens/ProductScreen.js
  Line 1:    'Children' is defined but never used  no-unused-vars
  Line 108:  Expected '===' and instead saw '=='   eqeqeq

./src/components/FormContainer.js
  Line 1:  'Children' is defined but never used  no-unused-vars

./src/screens/HomeScreen.js
  Line 1:  'useState' is defined but never used  no-unused-vars

./src/App.js
  Line 3:  'Component' is defined but never used  no-unused-vars

./src/components/Header.js
  Line 3:  'Row' is defined but never used  no-unused-vars

Search for the keywords to learn more about each warning.
To ignore, add // eslint-disable-next-line to the line before.

Compiling...
Compiled with warnings.

./src/screens/ProductScreen.js
  Line 1:    'Children' is defined but never used  no-unused-vars
  Line 108:  Expected '===' and instead saw '=='   eqeqeq

./src/components/FormContainer.js
  Line 1:  'Children' is defined but never used  no-unused-vars

./src/screens/HomeScreen.js
  Line 1:  'useState' is defined but never used  no-unused-vars

./src/App.js
  Line 3:  'Component' is defined but never used  no-unused-vars

./src/components/Header.js
  Line 3:  'Row' is defined but never used  no-unused-vars

Search for the keywords to learn more about each warning.
To ignore, add // eslint-disable-next-line to the line before.

Compiling...
Compiled with warnings.

./src/screens/ProductScreen.js
  Line 1:    'Children' is defined but never used  no-unused-vars
  Line 108:  Expected '===' and instead saw '=='   eqeqeq

./src/components/FormContainer.js
  Line 1:  'Children' is defined but never used  no-unused-vars

./src/screens/HomeScreen.js
  Line 1:  'useState' is defined but never used  no-unused-vars

./src/App.js
  Line 3:  'Component' is defined but never used  no-unused-vars

./src/components/Header.js
  Line 3:  'Row' is defined but never used  no-unused-vars

Search for the keywords to learn more about each warning.
To ignore, add // eslint-disable-next-line to the line before.

Compiling...
Compiled with warnings.

./src/screens/ProductScreen.js
  Line 1:    'Children' is defined but never used  no-unused-vars
  Line 108:  Expected '===' and instead saw '=='   eqeqeq

./src/components/FormContainer.js
  Line 1:  'Children' is defined but never used  no-unused-vars

./src/screens/HomeScreen.js
  Line 1:  'useState' is defined but never used  no-unused-vars

./src/App.js
  Line 3:  'Component' is defined but never used  no-unused-vars

./src/components/Header.js
  Line 3:  'Row' is defined but never used  no-unused-vars

Search for the keywords to learn more about each warning.
To ignore, add // eslint-disable-next-line to the line before.

Compiling...
Compiled with warnings.

./src/screens/ProductScreen.js
  Line 1:    'Children' is defined but never used  no-unused-vars
  Line 108:  Expected '===' and instead saw '=='   eqeqeq

./src/components/FormContainer.js
  Line 1:  'Children' is defined but never used  no-unused-vars

./src/screens/HomeScreen.js
  Line 1:  'useState' is defined but never used  no-unused-vars

./src/screens/RegisterScreen.js
  Line 2:   'Link' is defined but never used                 no-unused-vars
  Line 3:   'Button' is defined but never used               no-unused-vars
  Line 3:   'Row' is defined but never used                  no-unused-vars
  Line 3:   'Col' is defined but never used                  no-unused-vars
  Line 16:  'message' is assigned a value but never used     no-unused-vars
  Line 16:  'setMessage' is assigned a value but never used  no-unused-vars

./src/App.js
  Line 3:   'Component' is defined but never used       no-unused-vars
  Line 10:  'RegisterScreen' is defined but never used  no-unused-vars

./src/components/Header.js
  Line 3:  'Row' is defined but never used  no-unused-vars

Search for the keywords to learn more about each warning.
To ignore, add // eslint-disable-next-line to the line before.

Compiling...
Compiled with warnings.

./src/screens/ProductScreen.js
  Line 1:    'Children' is defined but never used  no-unused-vars
  Line 108:  Expected '===' and instead saw '=='   eqeqeq

./src/components/FormContainer.js
  Line 1:  'Children' is defined but never used  no-unused-vars

./src/screens/HomeScreen.js
  Line 1:  'useState' is defined but never used  no-unused-vars

./src/screens/RegisterScreen.js
  Line 2:   'Link' is defined but never used                 no-unused-vars
  Line 3:   'Button' is defined but never used               no-unused-vars
  Line 3:   'Row' is defined but never used                  no-unused-vars
  Line 3:   'Col' is defined but never used                  no-unused-vars
  Line 16:  'message' is assigned a value but never used     no-unused-vars
  Line 16:  'setMessage' is assigned a value but never used  no-unused-vars

./src/App.js
  Line 3:  'Component' is defined but never used  no-unused-vars

./src/components/Header.js
  Line 3:  'Row' is defined but never used  no-unused-vars

Search for the keywords to learn more about each warning.
To ignore, add // eslint-disable-next-line to the line before.

Compiling...
Compiled with warnings.

./src/screens/ProductScreen.js
  Line 1:    'Children' is defined but never used  no-unused-vars
  Line 108:  Expected '===' and instead saw '=='   eqeqeq

./src/components/FormContainer.js
  Line 1:  'Children' is defined but never used  no-unused-vars

./src/screens/HomeScreen.js
  Line 1:  'useState' is defined but never used  no-unused-vars

./src/screens/RegisterScreen.js
  Line 2:   'Link' is defined but never used                 no-unused-vars
  Line 3:   'Button' is defined but never used               no-unused-vars
  Line 3:   'Row' is defined but never used                  no-unused-vars
  Line 3:   'Col' is defined but never used                  no-unused-vars
  Line 16:  'message' is assigned a value but never used     no-unused-vars
  Line 16:  'setMessage' is assigned a value but never used  no-unused-vars

./src/App.js
  Line 3:  'Component' is defined but never used  no-unused-vars

./src/components/Header.js
  Line 3:  'Row' is defined but never used  no-unused-vars

Search for the keywords to learn more about each warning.
To ignore, add // eslint-disable-next-line to the line before.

Compiling...
Compiled with warnings.

./src/screens/RegisterScreen.js
  Line 16:  'message' is assigned a value but never used     no-unused-vars
  Line 16:  'setMessage' is assigned a value but never used  no-unused-vars

./src/screens/ProductScreen.js
  Line 1:    'Children' is defined but never used  no-unused-vars
  Line 108:  Expected '===' and instead saw '=='   eqeqeq

./src/components/FormContainer.js
  Line 1:  'Children' is defined but never used  no-unused-vars

./src/screens/HomeScreen.js
  Line 1:  'useState' is defined but never used  no-unused-vars

./src/App.js
  Line 3:  'Component' is defined but never used  no-unused-vars

./src/components/Header.js
  Line 3:  'Row' is defined but never used  no-unused-vars

Search for the keywords to learn more about each warning.
To ignore, add // eslint-disable-next-line to the line before.

Compiling...
Compiled with warnings.

./src/screens/RegisterScreen.js
  Line 16:  'message' is assigned a value but never used     no-unused-vars
  Line 16:  'setMessage' is assigned a value but never used  no-unused-vars

./src/screens/ProductScreen.js
  Line 1:    'Children' is defined but never used  no-unused-vars
  Line 108:  Expected '===' and instead saw '=='   eqeqeq

./src/components/FormContainer.js
  Line 1:  'Children' is defined but never used  no-unused-vars

./src/screens/HomeScreen.js
  Line 1:  'useState' is defined but never used  no-unused-vars

./src/App.js
  Line 3:  'Component' is defined but never used  no-unused-vars

./src/components/Header.js
  Line 3:  'Row' is defined but never used  no-unused-vars

Search for the keywords to learn more about each warning.
To ignore, add // eslint-disable-next-line to the line before.

Compiling...
Compiled with warnings.

./src/screens/RegisterScreen.js
  Line 16:  'message' is assigned a value but never used     no-unused-vars
  Line 16:  'setMessage' is assigned a value but never used  no-unused-vars

./src/screens/ProductScreen.js
  Line 1:    'Children' is defined but never used  no-unused-vars
  Line 108:  Expected '===' and instead saw '=='   eqeqeq

./src/components/FormContainer.js
  Line 1:  'Children' is defined but never used  no-unused-vars

./src/screens/HomeScreen.js
  Line 1:  'useState' is defined but never used  no-unused-vars

./src/App.js
  Line 3:  'Component' is defined but never used  no-unused-vars

./src/components/Header.js
  Line 3:  'Row' is defined but never used  no-unused-vars

Search for the keywords to learn more about each warning.
To ignore, add // eslint-disable-next-line to the line before.

Compiling...
Compiled with warnings.

./src/screens/RegisterScreen.js
  Line 16:  'message' is assigned a value but never used     no-unused-vars
  Line 16:  'setMessage' is assigned a value but never used  no-unused-vars

./src/screens/ProductScreen.js
  Line 1:    'Children' is defined but never used  no-unused-vars
  Line 108:  Expected '===' and instead saw '=='   eqeqeq

./src/components/FormContainer.js
  Line 1:  'Children' is defined but never used  no-unused-vars

./src/screens/HomeScreen.js
  Line 1:  'useState' is defined but never used  no-unused-vars

./src/App.js
  Line 3:  'Component' is defined but never used  no-unused-vars

./src/components/Header.js
  Line 3:  'Row' is defined but never used  no-unused-vars

Search for the keywords to learn more about each warning.
To ignore, add // eslint-disable-next-line to the line before.

Compiling...
Compiled with warnings.

./src/screens/RegisterScreen.js
  Line 16:  'message' is assigned a value but never used     no-unused-vars
  Line 16:  'setMessage' is assigned a value but never used  no-unused-vars

./src/screens/ProductScreen.js
  Line 1:    'Children' is defined but never used  no-unused-vars
  Line 108:  Expected '===' and instead saw '=='   eqeqeq

./src/components/FormContainer.js
  Line 1:  'Children' is defined but never used  no-unused-vars

./src/screens/HomeScreen.js
  Line 1:  'useState' is defined but never used  no-unused-vars

./src/App.js
  Line 3:  'Component' is defined but never used  no-unused-vars

./src/components/Header.js
  Line 3:  'Row' is defined but never used  no-unused-vars

Search for the keywords to learn more about each warning.
To ignore, add // eslint-disable-next-line to the line before.

Compiling...
Compiled with warnings.

./src/screens/RegisterScreen.js
  Line 16:  'message' is assigned a value but never used     no-unused-vars
  Line 16:  'setMessage' is assigned a value but never used  no-unused-vars

./src/screens/ProductScreen.js
  Line 1:    'Children' is defined but never used  no-unused-vars
  Line 108:  Expected '===' and instead saw '=='   eqeqeq

./src/components/FormContainer.js
  Line 1:  'Children' is defined but never used  no-unused-vars

./src/screens/HomeScreen.js
  Line 1:  'useState' is defined but never used  no-unused-vars

./src/App.js
  Line 3:  'Component' is defined but never used  no-unused-vars

./src/components/Header.js
  Line 3:  'Row' is defined but never used  no-unused-vars

Search for the keywords to learn more about each warning.
To ignore, add // eslint-disable-next-line to the line before.

Compiling...
Compiled with warnings.

./src/screens/RegisterScreen.js
  Line 16:  'message' is assigned a value but never used     no-unused-vars
  Line 16:  'setMessage' is assigned a value but never used  no-unused-vars

./src/screens/ProductScreen.js
  Line 1:    'Children' is defined but never used  no-unused-vars
  Line 108:  Expected '===' and instead saw '=='   eqeqeq

./src/components/FormContainer.js
  Line 1:  'Children' is defined but never used  no-unused-vars

./src/screens/HomeScreen.js
  Line 1:  'useState' is defined but never used  no-unused-vars

./src/App.js
  Line 3:  'Component' is defined but never used  no-unused-vars

./src/components/Header.js
  Line 3:  'Row' is defined but never used  no-unused-vars

Search for the keywords to learn more about each warning.
To ignore, add // eslint-disable-next-line to the line before.

Compiling...
Compiled with warnings.

./src/screens/RegisterScreen.js
  Line 16:  'message' is assigned a value but never used     no-unused-vars
  Line 16:  'setMessage' is assigned a value but never used  no-unused-vars

./src/screens/ProductScreen.js
  Line 1:    'Children' is defined but never used  no-unused-vars
  Line 108:  Expected '===' and instead saw '=='   eqeqeq

./src/components/FormContainer.js
  Line 1:  'Children' is defined but never used  no-unused-vars

./src/screens/HomeScreen.js
  Line 1:  'useState' is defined but never used  no-unused-vars

./src/App.js
  Line 3:  'Component' is defined but never used  no-unused-vars

./src/components/Header.js
  Line 3:  'Row' is defined but never used  no-unused-vars

Search for the keywords to learn more about each warning.
To ignore, add // eslint-disable-next-line to the line before.

Compiling...
Compiled with warnings.

./src/screens/RegisterScreen.js
  Line 16:  'message' is assigned a value but never used  no-unused-vars
  Line 37:  Expected '!==' and instead saw '!='           eqeqeq

./src/screens/ProductScreen.js
  Line 1:    'Children' is defined but never used  no-unused-vars
  Line 108:  Expected '===' and instead saw '=='   eqeqeq

./src/components/FormContainer.js
  Line 1:  'Children' is defined but never used  no-unused-vars

./src/screens/HomeScreen.js
  Line 1:  'useState' is defined but never used  no-unused-vars

./src/App.js
  Line 3:  'Component' is defined but never used  no-unused-vars

./src/components/Header.js
  Line 3:  'Row' is defined but never used  no-unused-vars

Search for the keywords to learn more about each warning.
To ignore, add // eslint-disable-next-line to the line before.

Compiling...
Compiled with warnings.

./src/screens/RegisterScreen.js
  Line 16:  'message' is assigned a value but never used  no-unused-vars
  Line 37:  Expected '!==' and instead saw '!='           eqeqeq

./src/screens/ProductScreen.js
  Line 1:    'Children' is defined but never used  no-unused-vars
  Line 108:  Expected '===' and instead saw '=='   eqeqeq

./src/components/FormContainer.js
  Line 1:  'Children' is defined but never used  no-unused-vars

./src/screens/HomeScreen.js
  Line 1:  'useState' is defined but never used  no-unused-vars

./src/App.js
  Line 3:  'Component' is defined but never used  no-unused-vars

./src/components/Header.js
  Line 3:  'Row' is defined but never used  no-unused-vars

Search for the keywords to learn more about each warning.
To ignore, add // eslint-disable-next-line to the line before.

Compiling...
Failed to compile.

./src/screens/RegisterScreen.js
Syntax error: Unexpected token, expected : (48:65)

  46 |     <FormContainer>
  47 |       <h1>Register</h1>
> 48 | 			{ message ? <Message variant={'danger'}>{ message }</Message> }
     | 			                                                              ^
  49 | 			{/* if login error */}
  50 | 			{ error && <Message variant={'danger'}>{ error }</Message> }
  51 | 			{ loading && <Loader /> }
Compiling...
Failed to compile.

./src/screens/RegisterScreen.js
Syntax error: Unexpected token, expected : (48:65)

  46 |     <FormContainer>
  47 |       <h1>Register</h1>
> 48 | 			{ message ? <Message variant={'danger'}>{ message }</Message> }
     | 			                                                              ^
  49 | 			{/* if login error */}
  50 | 			{ error && <Message variant={'danger'}>{ error }</Message> }
  51 | 			{ loading && <Loader /> }
Compiling...
Failed to compile.

./src/screens/RegisterScreen.js
Syntax error: Unexpected token (48:67)

  46 |     <FormContainer>
  47 |       <h1>Register</h1>
> 48 | 			{ message ? <Message variant={'danger'}>{ message }</Message> : }
     | 			                                                                ^
  49 | 			{/* if login error */}
  50 | 			{ error && <Message variant={'danger'}>{ error }</Message> }
  51 | 			{ loading && <Loader /> }
Compiling...
Compiled with warnings.

./src/screens/ProductScreen.js
  Line 1:    'Children' is defined but never used  no-unused-vars
  Line 108:  Expected '===' and instead saw '=='   eqeqeq

./src/components/FormContainer.js
  Line 1:  'Children' is defined but never used  no-unused-vars

./src/screens/HomeScreen.js
  Line 1:  'useState' is defined but never used  no-unused-vars

./src/screens/RegisterScreen.js
  Line 37:  Expected '!==' and instead saw '!='  eqeqeq

./src/App.js
  Line 3:  'Component' is defined but never used  no-unused-vars

./src/components/Header.js
  Line 3:  'Row' is defined but never used  no-unused-vars

Search for the keywords to learn more about each warning.
To ignore, add // eslint-disable-next-line to the line before.

Compiling...
Compiled with warnings.

./src/screens/ProductScreen.js
  Line 1:    'Children' is defined but never used  no-unused-vars
  Line 108:  Expected '===' and instead saw '=='   eqeqeq

./src/components/FormContainer.js
  Line 1:  'Children' is defined but never used  no-unused-vars

./src/screens/HomeScreen.js
  Line 1:  'useState' is defined but never used  no-unused-vars

./src/screens/RegisterScreen.js
  Line 37:  Expected '!==' and instead saw '!='  eqeqeq

./src/App.js
  Line 3:  'Component' is defined but never used  no-unused-vars

./src/components/Header.js
  Line 3:  'Row' is defined but never used  no-unused-vars

Search for the keywords to learn more about each warning.
To ignore, add // eslint-disable-next-line to the line before.

Compiling...
Compiled with warnings.

./src/screens/ProductScreen.js
  Line 1:    'Children' is defined but never used  no-unused-vars
  Line 108:  Expected '===' and instead saw '=='   eqeqeq

./src/components/FormContainer.js
  Line 1:  'Children' is defined but never used  no-unused-vars

./src/screens/HomeScreen.js
  Line 1:  'useState' is defined but never used  no-unused-vars

./src/screens/RegisterScreen.js
  Line 37:  Expected '!==' and instead saw '!='  eqeqeq

./src/App.js
  Line 3:  'Component' is defined but never used  no-unused-vars

./src/components/Header.js
  Line 3:  'Row' is defined but never used  no-unused-vars

Search for the keywords to learn more about each warning.
To ignore, add // eslint-disable-next-line to the line before.

Compiling...
Compiled with warnings.

./src/screens/ProductScreen.js
  Line 1:    'Children' is defined but never used  no-unused-vars
  Line 108:  Expected '===' and instead saw '=='   eqeqeq

./src/components/FormContainer.js
  Line 1:  'Children' is defined but never used  no-unused-vars

./src/screens/HomeScreen.js
  Line 1:  'useState' is defined but never used  no-unused-vars

./src/screens/RegisterScreen.js
  Line 37:  Expected '!==' and instead saw '!='  eqeqeq

./src/App.js
  Line 3:  'Component' is defined but never used  no-unused-vars

./src/components/Header.js
  Line 3:  'Row' is defined but never used  no-unused-vars

Search for the keywords to learn more about each warning.
To ignore, add // eslint-disable-next-line to the line before.

Compiling...
Failed to compile.

./src/components/Header.js
Syntax error: Adjacent JSX elements must be wrapped in an enclosing tag (41:6)

  39 | 							<Nav.Link><i className="fas fa-user"></i>Login</Nav.Link>
  40 | 						</LinkContainer>
> 41 | 						<LinkContainer to='/register'>
     | 						^
  42 | 							<Nav.Link><i className="fas fa-user"></i>Register</Nav.Link>
  43 | 						</LinkContainer>
  44 | 					)}
Compiling...
Compiled with warnings.

./src/screens/ProductScreen.js
  Line 1:    'Children' is defined but never used  no-unused-vars
  Line 108:  Expected '===' and instead saw '=='   eqeqeq

./src/components/FormContainer.js
  Line 1:  'Children' is defined but never used  no-unused-vars

./src/screens/HomeScreen.js
  Line 1:  'useState' is defined but never used  no-unused-vars

./src/screens/RegisterScreen.js
  Line 37:  Expected '!==' and instead saw '!='  eqeqeq

./src/App.js
  Line 3:  'Component' is defined but never used  no-unused-vars

./src/components/Header.js
  Line 3:  'Row' is defined but never used  no-unused-vars

Search for the keywords to learn more about each warning.
To ignore, add // eslint-disable-next-line to the line before.

Compiling...
Failed to compile.

./src/components/Header.js
Syntax error: Adjacent JSX elements must be wrapped in an enclosing tag (41:12)

  39 | 							<Nav.Link><i className="fas fa-user"></i>Login</Nav.Link>
  40 | 						</LinkContainer>
> 41 | 												<LinkContainer to='/register'>
     | 												^
  42 | 												<Nav.Link><i className="fas fa-user"></i>Register</Nav.Link>
  43 | 											</LinkContainer>
  44 | 					)}
Compiling...
Failed to compile.

./src/components/Header.js
Syntax error: Adjacent JSX elements must be wrapped in an enclosing tag (41:6)

  39 | 							<Nav.Link><i className="fas fa-user"></i>Login</Nav.Link>
  40 | 						</LinkContainer>
> 41 | 						<LinkContainer to='/register'>
     | 						^
  42 | 							<Nav.Link><i className="fas fa-user"></i>Register</Nav.Link>
  43 | 						</LinkContainer>
  44 | 					)}
Compiling...
Failed to compile.

./src/components/Header.js
Syntax error: Adjacent JSX elements must be wrapped in an enclosing tag (41:6)

  39 | 							<Nav.Link><i className="fas fa-user"></i>Login</Nav.Link>
  40 | 						</LinkContainer>
> 41 | 						<Col>
     | 						^
  42 | 						
  43 | 						<LinkContainer to='/register'>
  44 | 							<Nav.Link><i className="fas fa-user"></i>Register</Nav.Link>
Compiling...
Compiled with warnings.

./src/screens/ProductScreen.js
  Line 1:    'Children' is defined but never used  no-unused-vars
  Line 108:  Expected '===' and instead saw '=='   eqeqeq

./src/components/FormContainer.js
  Line 1:  'Children' is defined but never used  no-unused-vars

./src/screens/HomeScreen.js
  Line 1:  'useState' is defined but never used  no-unused-vars

./src/screens/RegisterScreen.js
  Line 37:  Expected '!==' and instead saw '!='  eqeqeq

./src/App.js
  Line 3:  'Component' is defined but never used  no-unused-vars

./src/components/Header.js
  Line 3:  'Row' is defined but never used  no-unused-vars

Search for the keywords to learn more about each warning.
To ignore, add // eslint-disable-next-line to the line before.

Compiling...
Compiled with warnings.

./src/screens/ProductScreen.js
  Line 1:    'Children' is defined but never used  no-unused-vars
  Line 108:  Expected '===' and instead saw '=='   eqeqeq

./src/components/FormContainer.js
  Line 1:  'Children' is defined but never used  no-unused-vars

./src/screens/HomeScreen.js
  Line 1:  'useState' is defined but never used  no-unused-vars

./src/screens/RegisterScreen.js
  Line 37:  Expected '!==' and instead saw '!='  eqeqeq

./src/App.js
  Line 3:  'Component' is defined but never used  no-unused-vars

./src/components/Header.js
  Line 3:  'Row' is defined but never used  no-unused-vars

Search for the keywords to learn more about each warning.
To ignore, add // eslint-disable-next-line to the line before.

Compiling...
Compiled with warnings.

./src/screens/ProductScreen.js
  Line 1:    'Children' is defined but never used  no-unused-vars
  Line 108:  Expected '===' and instead saw '=='   eqeqeq

./src/components/FormContainer.js
  Line 1:  'Children' is defined but never used  no-unused-vars

./src/screens/HomeScreen.js
  Line 1:  'useState' is defined but never used  no-unused-vars

./src/screens/RegisterScreen.js
  Line 37:  Expected '!==' and instead saw '!='  eqeqeq

./src/App.js
  Line 3:  'Component' is defined but never used  no-unused-vars

./src/components/Header.js
  Line 3:  'Row' is defined but never used  no-unused-vars

Search for the keywords to learn more about each warning.
To ignore, add // eslint-disable-next-line to the line before.

Compiling...
Compiled with warnings.

./src/screens/ProductScreen.js
  Line 1:    'Children' is defined but never used  no-unused-vars
  Line 108:  Expected '===' and instead saw '=='   eqeqeq

./src/components/FormContainer.js
  Line 1:  'Children' is defined but never used  no-unused-vars

./src/screens/HomeScreen.js
  Line 1:  'useState' is defined but never used  no-unused-vars

./src/screens/RegisterScreen.js
  Line 37:  Expected '!==' and instead saw '!='  eqeqeq

./src/App.js
  Line 3:  'Component' is defined but never used  no-unused-vars

./src/components/Header.js
  Line 3:  'Row' is defined but never used  no-unused-vars

Search for the keywords to learn more about each warning.
To ignore, add // eslint-disable-next-line to the line before.

npm ERR! path /home/ikrom/DEV/BACKEND/Django/django-and-react-ecommerce/frontend
npm ERR! command failed
npm ERR! signal SIGHUP
npm ERR! command sh -c react-scripts start

npm ERR! A complete log of this run can be found in:
npm ERR!     /home/ikrom/.npm/_logs/2022-09-09T22_25_57_491Z-debug-0.log
